<?xml version="1.0" encoding="UTF-8"?>
<!-- Generated by org.testng.reporters.JUnitReportReporter -->
<testsuite hostname="Sunils-ASUS" failures="0" tests="1" name="cucumberOptions.testNG_TestRunner" time="25.159" errors="0" timestamp="2022-07-18T22:49:03 IST" skipped="0">
  <testcase classname="cucumberOptions.testNG_TestRunner" name="runScenario" time="25.159"/>
  <system-out/>
</testsuite> <!-- cucumberOptions.testNG_TestRunner -->
