<?xml version="1.0" encoding="UTF-8"?>
<!-- Generated by org.testng.reporters.JUnitReportReporter -->
<testsuite hostname="Sunils-ASUS" failures="0" tests="2" name="cucumberOptions.testNG_TestRunner" time="41.525" errors="0" timestamp="2022-07-18T20:36:48 IST" skipped="0">
  <testcase classname="cucumberOptions.testNG_TestRunner" name="runScenario" time="16.192"/>
  <system-out/>
  <testcase classname="cucumberOptions.testNG_TestRunner" name="runScenario" time="25.333"/>
  <system-out/>
</testsuite> <!-- cucumberOptions.testNG_TestRunner -->
